timestamp: 2009-11-17T19:40:55.029436
CREATE TABLE auth_user(
	id INTEGER PRIMARY KEY AUTOINCREMENT,
	first_name CHAR(128),
	last_name CHAR(128),
	email CHAR(512),
	password CHAR(512),
	registration_key CHAR(512)
);
success!
timestamp: 2009-11-17T19:40:55.118358
CREATE TABLE auth_group(
	id INTEGER PRIMARY KEY AUTOINCREMENT,
	role CHAR(512),
	description TEXT
);
success!
timestamp: 2009-11-17T19:40:55.193900
CREATE TABLE auth_membership(
	id INTEGER PRIMARY KEY AUTOINCREMENT,
	user_id REFERENCES auth_user(id) ON DELETE CASCADE,
	group_id REFERENCES auth_group(id) ON DELETE CASCADE
);
success!
timestamp: 2009-11-17T19:40:55.278824
CREATE TABLE auth_permission(
	id INTEGER PRIMARY KEY AUTOINCREMENT,
	group_id REFERENCES auth_group(id) ON DELETE CASCADE,
	name CHAR(512),
	table_name CHAR(512),
	record_id INTEGER
);
success!
timestamp: 2009-11-17T19:40:55.362966
CREATE TABLE auth_event(
	id INTEGER PRIMARY KEY AUTOINCREMENT,
	time_stamp TIMESTAMP,
	client_ip CHAR(512),
	user_id REFERENCES auth_user(id) ON DELETE CASCADE,
	origin CHAR(512),
	description TEXT
);
success!
timestamp: 2009-11-17T20:12:16.189843
CREATE TABLE artist(
	id INTEGER PRIMARY KEY AUTOINCREMENT,
	name CHAR(512),
	description CHAR(512)
);
success!
timestamp: 2009-11-17T20:12:16.318746
CREATE TABLE track(
	id INTEGER PRIMARY KEY AUTOINCREMENT,
	artist_id REFERENCES artist(id) ON DELETE CASCADE,
	name CHAR(512),
	description CHAR(512),
	positivity CHAR(512),
	aggression CHAR(512),
	speed CHAR(512),
	suspense CHAR(512)
);
success!
timestamp: 2009-11-17T20:27:47.138282
ALTER TABLE track ADD madhax CHAR(512);
timestamp: 2009-11-17T21:20:45.408613
CREATE TABLE playlist(
	id INTEGER PRIMARY KEY AUTOINCREMENT,
	name CHAR(512),
	user_id REFERENCES auth_user(id) ON DELETE CASCADE
);
success!
timestamp: 2009-11-17T21:24:09.262161
CREATE TABLE playlist_track(
	id INTEGER PRIMARY KEY AUTOINCREMENT,
	playlist_id REFERENCES playlist(id) ON DELETE CASCADE,
	track_id REFERENCES track(id) ON DELETE CASCADE
);
success!
timestamp: 2009-11-17T21:38:14.070874
ALTER TABLE track ADD upload CHAR(512);
timestamp: 2009-12-01T21:25:12.074598
CREATE TABLE artistInfo(
	id INTEGER PRIMARY KEY AUTOINCREMENT,
	user_id REFERENCES auth_user(id) ON DELETE CASCADE,
	description CHAR(512)
);
success!
timestamp: 2009-12-01T21:34:55.678413
CREATE TABLE nudge(
	id INTEGER PRIMARY KEY AUTOINCREMENT,
	user_id REFERENCES auth_user(id) ON DELETE CASCADE,
	track_id REFERENCES track(id) ON DELETE CASCADE,
	nudgeTime TIMESTAMP
);
success!
timestamp: 2009-12-01T21:42:41.960217
ALTER TABLE artistInfo ADD upload CHAR(512);
timestamp: 2009-12-01T21:42:42.034322
CREATE TABLE plays(
	id INTEGER PRIMARY KEY AUTOINCREMENT,
	user_id REFERENCES auth_user(id) ON DELETE CASCADE,
	track_id REFERENCES track(id) ON DELETE CASCADE,
	playedTime TIMESTAMP
);
success!
timestamp: 2009-12-01T21:46:36.389615
ALTER TABLE artistInfo ADD image CHAR(512);
timestamp: 2009-12-01T21:46:36.458230
ALTER TABLE track ADD mp3 CHAR(512);
